[debug] [2024-11-05T08:32:21.205Z] ----------------------------------------------------------------------
[debug] [2024-11-05T08:32:21.207Z] Command:       C:\Program Files\nodejs\node.exe C:\Users\Sai Kumar\AppData\Local\Yarn\Data\global\node_modules\firebase-tools\lib\bin\firebase.js init
[debug] [2024-11-05T08:32:21.207Z] CLI Version:   13.16.0
[debug] [2024-11-05T08:32:21.208Z] Platform:      win32
[debug] [2024-11-05T08:32:21.208Z] Node Version:  v20.16.0
[debug] [2024-11-05T08:32:21.208Z] Time:          Tue Nov 05 2024 14:02:21 GMT+0530 (India Standard Time)
[debug] [2024-11-05T08:32:21.208Z] ----------------------------------------------------------------------
[debug] 
[debug] [2024-11-05T08:32:21.212Z] > command requires scopes: ["email","openid","https://www.googleapis.com/auth/cloudplatformprojects.readonly","https://www.googleapis.com/auth/firebase","https://www.googleapis.com/auth/cloud-platform"]
[debug] [2024-11-05T08:32:21.213Z] > authorizing via signed-in user (saikumarthota2004@gmail.com)
[info] 
     ######## #### ########  ######## ########     ###     ######  ########
     ##        ##  ##     ## ##       ##     ##  ##   ##  ##       ##
     ######    ##  ########  ######   ########  #########  ######  ######
     ##        ##  ##    ##  ##       ##     ## ##     ##       ## ##
     ##       #### ##     ## ######## ########  ##     ##  ######  ########

You're about to initialize a Firebase project in this directory:

  D:\Projects\React js\file_share

[info] 
=== Project Setup
[info] 
[info] First, let's associate this project directory with a Firebase project.
[info] You can create multiple project aliases by running firebase use --add, 
[info] but for now we'll just set up a default project.
[info] 
[debug] [2024-11-05T08:32:44.801Z] > refreshing access token with scopes: []
[debug] [2024-11-05T08:32:44.804Z] >>> [apiv2][query] POST https://www.googleapis.com/oauth2/v3/token [none]
[debug] [2024-11-05T08:32:44.804Z] >>> [apiv2][body] POST https://www.googleapis.com/oauth2/v3/token [omitted]
[debug] [2024-11-05T08:32:45.162Z] <<< [apiv2][status] POST https://www.googleapis.com/oauth2/v3/token 200
[debug] [2024-11-05T08:32:45.162Z] <<< [apiv2][body] POST https://www.googleapis.com/oauth2/v3/token [omitted]
[debug] [2024-11-05T08:32:45.172Z] >>> [apiv2][query] GET https://firebase.googleapis.com/v1beta1/projects pageSize=100
[debug] [2024-11-05T08:32:46.038Z] <<< [apiv2][status] GET https://firebase.googleapis.com/v1beta1/projects 200
[debug] [2024-11-05T08:32:46.039Z] <<< [apiv2][body] GET https://firebase.googleapis.com/v1beta1/projects [omitted]
